#
# A fatal error has been detected by the Java Runtime Environment:
#
#  Internal Error (./open/src/hotspot/share/interpreter/oopMapCache.cpp:111), pid=17924, tid=15696
#  Error: ShouldNotReachHere()
#
# JRE version: OpenJDK Runtime Environment (15.0.2+7) (build 15.0.2+7-27)
# Java VM: OpenJDK 64-Bit Server VM (15.0.2+7-27, mixed mode, tiered, compressed oops, g1 gc, windows-amd64)
# No core dump will be written. Minidumps are not enabled by default on client versions of Windows
#
# If you would like to submit a bug report, please visit:
#   https://bugreport.java.com/bugreport/crash.jsp
#

---------------  S U M M A R Y ------------

Command Line: -XX:+ShowCodeDetailsInExceptionMessages -agentlib:jdwp=transport=dt_socket,suspend=y,address=localhost:50669 -javaagent:C:\Users\BHARATH\EclipseWorkspace\eclipse\configuration\org.eclipse.osgi\220\0\.cp\lib\javaagent-shaded.jar -Dfile.encoding=Cp1252 LiveDemoGrocery

Host: Intel(R) Core(TM) i5-8250U CPU @ 1.60GHz, 8 cores, 7G,  Windows 10 , 64 bit Build 19041 (10.0.19041.1348)
Time: Thu Dec 30 16:38:24 2021 India Standard Time elapsed time: 858.328285 seconds (0d 0h 14m 18s)

---------------  T H R E A D  ---------------

Current thread (0x00000238dd43f8d0):  JavaThread "JDWP Transport Listener: dt_socket" daemon [_thread_in_vm, id=15696, stack(0x000000c4abf00000,0x000000c4ac000000)] _threads_hazard_ptr=0x00000238de57c1e0

Stack: [0x000000c4abf00000,0x000000c4ac000000]
Native frames: (J=compiled Java code, j=interpreted, Vv=VM code, C=native code)
V  [jvm.dll+0x62ae9a]
V  [jvm.dll+0x7817a9]
V  [jvm.dll+0x782f03]
V  [jvm.dll+0x783517]
V  [jvm.dll+0x21628c]
V  [jvm.dll+0x2161d3]
V  [jvm.dll+0x619eea]
V  [jvm.dll+0x619ba3]
V  [jvm.dll+0x5df278]
V  [jvm.dll+0x77876f]
V  [jvm.dll+0x4f02e1]
V  [jvm.dll+0x7882b5]
V  [jvm.dll+0x4d40ea]
V  [jvm.dll+0x49526b]
C  [jdwp.dll+0x7f79]


---------------  P R O C E S S  ---------------

Threads class SMR info:
_java_thread_list=0x00000238de57c1e0, length=18, elements={
0x00000238c2561a00, 0x00000238dd0c3030, 0x00000238dd0c59f0, 0x00000238dd0e84b0,
0x00000238dd0eae70, 0x00000238dd0ec760, 0x00000238dd0f10e0, 0x00000238dd0f2320,
0x00000238dd12f4a0, 0x00000238dd1f6ff0, 0x00000238dd43f8d0, 0x00000238dd37f840,
0x00000238dd381f30, 0x00000238dd995730, 0x00000238de0b8c80, 0x00000238de5256a0,
0x00000238de0a1820, 0x00000238de856960
}

Java Threads: ( => current thread )
  0x00000238c2561a00 JavaThread "main" [_thread_blocked, id=796, stack(0x000000c4aaf00000,0x000000c4ab000000)]
  0x00000238dd0c3030 JavaThread "Reference Handler" daemon [_thread_blocked, id=5484, stack(0x000000c4ab600000,0x000000c4ab700000)]
  0x00000238dd0c59f0 JavaThread "Finalizer" daemon [_thread_blocked, id=19956, stack(0x000000c4ab700000,0x000000c4ab800000)]
  0x00000238dd0e84b0 JavaThread "Signal Dispatcher" daemon [_thread_blocked, id=15884, stack(0x000000c4ab800000,0x000000c4ab900000)]
  0x00000238dd0eae70 JavaThread "Attach Listener" daemon [_thread_blocked, id=15480, stack(0x000000c4ab900000,0x000000c4aba00000)]
  0x00000238dd0ec760 JavaThread "Service Thread" daemon [_thread_blocked, id=11464, stack(0x000000c4aba00000,0x000000c4abb00000)]
  0x00000238dd0f10e0 JavaThread "C2 CompilerThread0" daemon [_thread_blocked, id=19800, stack(0x000000c4abb00000,0x000000c4abc00000)]
  0x00000238dd0f2320 JavaThread "C1 CompilerThread0" daemon [_thread_blocked, id=19012, stack(0x000000c4abc00000,0x000000c4abd00000)]
  0x00000238dd12f4a0 JavaThread "Sweeper thread" daemon [_thread_blocked, id=7548, stack(0x000000c4abd00000,0x000000c4abe00000)]
  0x00000238dd1f6ff0 JavaThread "Common-Cleaner" daemon [_thread_blocked, id=13240, stack(0x000000c4abe00000,0x000000c4abf00000)]
=>0x00000238dd43f8d0 JavaThread "JDWP Transport Listener: dt_socket" daemon [_thread_in_vm, id=15696, stack(0x000000c4abf00000,0x000000c4ac000000)] _threads_hazard_ptr=0x00000238de57c1e0
  0x00000238dd37f840 JavaThread "JDWP Event Helper Thread" daemon [_thread_blocked, id=8784, stack(0x000000c4ac000000,0x000000c4ac100000)]
  0x00000238dd381f30 JavaThread "JDWP Command Reader" daemon [_thread_in_native, id=13504, stack(0x000000c4ac100000,0x000000c4ac200000)]
  0x00000238dd995730 JavaThread "Notification Thread" daemon [_thread_blocked, id=20876, stack(0x000000c4ac300000,0x000000c4ac400000)]
  0x00000238de0b8c80 JavaThread "Exec Default Executor" daemon [_thread_in_native, id=3100, stack(0x000000c4ac800000,0x000000c4ac900000)]
  0x00000238de5256a0 JavaThread "Exec Stream Pumper" daemon [_thread_in_native, id=18176, stack(0x000000c4acb00000,0x000000c4acc00000)]
  0x00000238de0a1820 JavaThread "Exec Stream Pumper" daemon [_thread_in_native, id=12672, stack(0x000000c4acc00000,0x000000c4acd00000)]
  0x00000238de856960 JavaThread "Okio Watchdog" daemon [_thread_blocked, id=17440, stack(0x000000c4acf00000,0x000000c4ad000000)]

Other Threads:
  0x00000238dd089ac0 VMThread "VM Thread" [stack: 0x000000c4ab500000,0x000000c4ab600000] [id=10448]
  0x00000238c2562820 WatcherThread [stack: 0x000000c4ac400000,0x000000c4ac500000] [id=9548]
  0x00000238c04de840 GCTaskThread "GC Thread#0" [stack: 0x000000c4ab000000,0x000000c4ab100000] [id=7860]
  0x00000238ddaaf9a0 GCTaskThread "GC Thread#1" [stack: 0x000000c4ac500000,0x000000c4ac600000] [id=11952]
  0x00000238ddaafcd0 GCTaskThread "GC Thread#2" [stack: 0x000000c4ac600000,0x000000c4ac700000] [id=12868]
  0x00000238c25ad460 ConcurrentGCThread "G1 Main Marker" [stack: 0x000000c4ab100000,0x000000c4ab200000] [id=9424]
  0x00000238c25ae7d0 ConcurrentGCThread "G1 Conc#0" [stack: 0x000000c4ab200000,0x000000c4ab300000] [id=7844]
  0x00000238dc6b24c0 ConcurrentGCThread "G1 Refine#0" [stack: 0x000000c4ab300000,0x000000c4ab400000] [id=9088]
  0x00000238dc6b2fc0 ConcurrentGCThread "G1 Young RemSet Sampling" [stack: 0x000000c4ab400000,0x000000c4ab500000] [id=19200]

Threads with active compile tasks:

VM state: not at safepoint (normal execution)

VM Mutex/Monitor currently owned by a thread: None

Heap address: 0x0000000081400000, size: 2028 MB, Compressed Oops mode: 32-bit
CDS disabled.
Compressed class space mapped at: 0x0000000100000000-0x0000000140000000, size: 1073741824
Narrow klass base: 0x0000000000000000, Narrow klass shift: 3, Narrow klass range: 0x140000000

GC Precious Log:
 CPUs: 8 total, 8 available
 Memory: 8108M
 Large Page Support: Disabled
 NUMA Support: Disabled
 Compressed Oops: Enabled (32-bit)
 Heap Region Size: 1M
 Heap Min Capacity: 8M
 Heap Initial Capacity: 128M
 Heap Max Capacity: 2028M
 Pre-touch: Disabled
 Parallel Workers: 8
 Concurrent Workers: 2
 Concurrent Refinement Workers: 8
 Periodic GC: Disabled

Heap:
 garbage-first heap   total 131072K, used 17705K [0x0000000081400000, 0x0000000100000000)
  region size 1024K, 15 young (15360K), 2 survivors (2048K)
 Metaspace       used 20140K, capacity 20385K, committed 20608K, reserved 1067008K
  class space    used 2020K, capacity 2095K, committed 2176K, reserved 1048576K

Heap Regions: E=young(eden), S=young(survivor), O=old, HS=humongous(starts), HC=humongous(continues), CS=collection set, F=free, OA=open archive, CA=closed archive, TAMS=top-at-mark-start (previous, next)
|   0|0x0000000081400000, 0x0000000081500000, 0x0000000081500000|100%| O|  |TAMS 0x0000000081400000, 0x0000000081400000| Untracked 
|   1|0x0000000081500000, 0x0000000081600000, 0x0000000081600000|100%| O|  |TAMS 0x0000000081500000, 0x0000000081500000| Untracked 
|   2|0x0000000081600000, 0x0000000081700000, 0x0000000081700000|100%| O|  |TAMS 0x0000000081600000, 0x0000000081600000| Untracked 
|   3|0x0000000081700000, 0x00000000817bf000, 0x0000000081800000| 74%| O|  |TAMS 0x0000000081700000, 0x0000000081700000| Untracked 
|   4|0x0000000081800000, 0x0000000081800000, 0x0000000081900000|  0%| F|  |TAMS 0x0000000081800000, 0x0000000081800000| Untracked 
|   5|0x0000000081900000, 0x0000000081900000, 0x0000000081a00000|  0%| F|  |TAMS 0x0000000081900000, 0x0000000081900000| Untracked 
|   6|0x0000000081a00000, 0x0000000081a00000, 0x0000000081b00000|  0%| F|  |TAMS 0x0000000081a00000, 0x0000000081a00000| Untracked 
|   7|0x0000000081b00000, 0x0000000081b00000, 0x0000000081c00000|  0%| F|  |TAMS 0x0000000081b00000, 0x0000000081b00000| Untracked 
|   8|0x0000000081c00000, 0x0000000081c00000, 0x0000000081d00000|  0%| F|  |TAMS 0x0000000081c00000, 0x0000000081c00000| Untracked 
|   9|0x0000000081d00000, 0x0000000081d00000, 0x0000000081e00000|  0%| F|  |TAMS 0x0000000081d00000, 0x0000000081d00000| Untracked 
|  10|0x0000000081e00000, 0x0000000081e00000, 0x0000000081f00000|  0%| F|  |TAMS 0x0000000081e00000, 0x0000000081e00000| Untracked 
|  11|0x0000000081f00000, 0x0000000081f00000, 0x0000000082000000|  0%| F|  |TAMS 0x0000000081f00000, 0x0000000081f00000| Untracked 
|  12|0x0000000082000000, 0x0000000082000000, 0x0000000082100000|  0%| F|  |TAMS 0x0000000082000000, 0x0000000082000000| Untracked 
|  13|0x0000000082100000, 0x0000000082100000, 0x0000000082200000|  0%| F|  |TAMS 0x0000000082100000, 0x0000000082100000| Untracked 
|  14|0x0000000082200000, 0x0000000082200000, 0x0000000082300000|  0%| F|  |TAMS 0x0000000082200000, 0x0000000082200000| Untracked 
|  15|0x0000000082300000, 0x0000000082300000, 0x0000000082400000|  0%| F|  |TAMS 0x0000000082300000, 0x0000000082300000| Untracked 
|  16|0x0000000082400000, 0x0000000082400000, 0x0000000082500000|  0%| F|  |TAMS 0x0000000082400000, 0x0000000082400000| Untracked 
|  17|0x0000000082500000, 0x0000000082500000, 0x0000000082600000|  0%| F|  |TAMS 0x0000000082500000, 0x0000000082500000| Untracked 
|  18|0x0000000082600000, 0x0000000082600000, 0x0000000082700000|  0%| F|  |TAMS 0x0000000082600000, 0x0000000082600000| Untracked 
|  19|0x0000000082700000, 0x0000000082700000, 0x0000000082800000|  0%| F|  |TAMS 0x0000000082700000, 0x0000000082700000| Untracked 
|  20|0x0000000082800000, 0x0000000082800000, 0x0000000082900000|  0%| F|  |TAMS 0x0000000082800000, 0x0000000082800000| Untracked 
|  21|0x0000000082900000, 0x0000000082900000, 0x0000000082a00000|  0%| F|  |TAMS 0x0000000082900000, 0x0000000082900000| Untracked 
|  22|0x0000000082a00000, 0x0000000082a00000, 0x0000000082b00000|  0%| F|  |TAMS 0x0000000082a00000, 0x0000000082a00000| Untracked 
|  23|0x0000000082b00000, 0x0000000082b00000, 0x0000000082c00000|  0%| F|  |TAMS 0x0000000082b00000, 0x0000000082b00000| Untracked 
|  24|0x0000000082c00000, 0x0000000082c00000, 0x0000000082d00000|  0%| F|  |TAMS 0x0000000082c00000, 0x0000000082c00000| Untracked 
|  25|0x0000000082d00000, 0x0000000082d00000, 0x0000000082e00000|  0%| F|  |TAMS 0x0000000082d00000, 0x0000000082d00000| Untracked 
|  26|0x0000000082e00000, 0x0000000082e00000, 0x0000000082f00000|  0%| F|  |TAMS 0x0000000082e00000, 0x0000000082e00000| Untracked 
|  27|0x0000000082f00000, 0x0000000082f00000, 0x0000000083000000|  0%| F|  |TAMS 0x0000000082f00000, 0x0000000082f00000| Untracked 
|  28|0x0000000083000000, 0x0000000083000000, 0x0000000083100000|  0%| F|  |TAMS 0x0000000083000000, 0x0000000083000000| Untracked 
|  29|0x0000000083100000, 0x0000000083100000, 0x0000000083200000|  0%| F|  |TAMS 0x0000000083100000, 0x0000000083100000| Untracked 
|  30|0x0000000083200000, 0x0000000083200000, 0x0000000083300000|  0%| F|  |TAMS 0x0000000083200000, 0x0000000083200000| Untracked 
|  31|0x0000000083300000, 0x0000000083300000, 0x0000000083400000|  0%| F|  |TAMS 0x0000000083300000, 0x0000000083300000| Untracked 
|  32|0x0000000083400000, 0x0000000083400000, 0x0000000083500000|  0%| F|  |TAMS 0x0000000083400000, 0x0000000083400000| Untracked 
|  33|0x0000000083500000, 0x0000000083500000, 0x0000000083600000|  0%| F|  |TAMS 0x0000000083500000, 0x0000000083500000| Untracked 
|  34|0x0000000083600000, 0x0000000083600000, 0x0000000083700000|  0%| F|  |TAMS 0x0000000083600000, 0x0000000083600000| Untracked 
|  35|0x0000000083700000, 0x0000000083700000, 0x0000000083800000|  0%| F|  |TAMS 0x0000000083700000, 0x0000000083700000| Untracked 
|  36|0x0000000083800000, 0x0000000083800000, 0x0000000083900000|  0%| F|  |TAMS 0x0000000083800000, 0x0000000083800000| Untracked 
|  37|0x0000000083900000, 0x0000000083900000, 0x0000000083a00000|  0%| F|  |TAMS 0x0000000083900000, 0x0000000083900000| Untracked 
|  38|0x0000000083a00000, 0x0000000083a00000, 0x0000000083b00000|  0%| F|  |TAMS 0x0000000083a00000, 0x0000000083a00000| Untracked 
|  39|0x0000000083b00000, 0x0000000083b00000, 0x0000000083c00000|  0%| F|  |TAMS 0x0000000083b00000, 0x0000000083b00000| Untracked 
|  40|0x0000000083c00000, 0x0000000083c00000, 0x0000000083d00000|  0%| F|  |TAMS 0x0000000083c00000, 0x0000000083c00000| Untracked 
|  41|0x0000000083d00000, 0x0000000083d00000, 0x0000000083e00000|  0%| F|  |TAMS 0x0000000083d00000, 0x0000000083d00000| Untracked 
|  42|0x0000000083e00000, 0x0000000083e00000, 0x0000000083f00000|  0%| F|  |TAMS 0x0000000083e00000, 0x0000000083e00000| Untracked 
|  43|0x0000000083f00000, 0x0000000083f00000, 0x0000000084000000|  0%| F|  |TAMS 0x0000000083f00000, 0x0000000083f00000| Untracked 
|  44|0x0000000084000000, 0x0000000084000000, 0x0000000084100000|  0%| F|  |TAMS 0x0000000084000000, 0x0000000084000000| Untracked 
|  45|0x0000000084100000, 0x0000000084100000, 0x0000000084200000|  0%| F|  |TAMS 0x0000000084100000, 0x0000000084100000| Untracked 
|  46|0x0000000084200000, 0x0000000084200000, 0x0000000084300000|  0%| F|  |TAMS 0x0000000084200000, 0x0000000084200000| Untracked 
|  47|0x0000000084300000, 0x0000000084300000, 0x0000000084400000|  0%| F|  |TAMS 0x0000000084300000, 0x0000000084300000| Untracked 
|  48|0x0000000084400000, 0x0000000084400000, 0x0000000084500000|  0%| F|  |TAMS 0x0000000084400000, 0x0000000084400000| Untracked 
|  49|0x0000000084500000, 0x0000000084500000, 0x0000000084600000|  0%| F|  |TAMS 0x0000000084500000, 0x0000000084500000| Untracked 
|  50|0x0000000084600000, 0x0000000084600000, 0x0000000084700000|  0%| F|  |TAMS 0x0000000084600000, 0x0000000084600000| Untracked 
|  51|0x0000000084700000, 0x0000000084700000, 0x0000000084800000|  0%| F|  |TAMS 0x0000000084700000, 0x0000000084700000| Untracked 
|  52|0x0000000084800000, 0x0000000084800000, 0x0000000084900000|  0%| F|  |TAMS 0x0000000084800000, 0x0000000084800000| Untracked 
|  53|0x0000000084900000, 0x0000000084900000, 0x0000000084a00000|  0%| F|  |TAMS 0x0000000084900000, 0x0000000084900000| Untracked 
|  54|0x0000000084a00000, 0x0000000084a00000, 0x0000000084b00000|  0%| F|  |TAMS 0x0000000084a00000, 0x0000000084a00000| Untracked 
|  55|0x0000000084b00000, 0x0000000084b00000, 0x0000000084c00000|  0%| F|  |TAMS 0x0000000084b00000, 0x0000000084b00000| Untracked 
|  56|0x0000000084c00000, 0x0000000084c00000, 0x0000000084d00000|  0%| F|  |TAMS 0x0000000084c00000, 0x0000000084c00000| Untracked 
|  57|0x0000000084d00000, 0x0000000084d00000, 0x0000000084e00000|  0%| F|  |TAMS 0x0000000084d00000, 0x0000000084d00000| Untracked 
|  58|0x0000000084e00000, 0x0000000084e00000, 0x0000000084f00000|  0%| F|  |TAMS 0x0000000084e00000, 0x0000000084e00000| Untracked 
|  59|0x0000000084f00000, 0x0000000084f00000, 0x0000000085000000|  0%| F|  |TAMS 0x0000000084f00000, 0x0000000084f00000| Untracked 
|  60|0x0000000085000000, 0x0000000085000000, 0x0000000085100000|  0%| F|  |TAMS 0x0000000085000000, 0x0000000085000000| Untracked 
|  61|0x0000000085100000, 0x0000000085100000, 0x0000000085200000|  0%| F|  |TAMS 0x0000000085100000, 0x0000000085100000| Untracked 
|  62|0x0000000085200000, 0x0000000085200000, 0x0000000085300000|  0%| F|  |TAMS 0x0000000085200000, 0x0000000085200000| Untracked 
|  63|0x0000000085300000, 0x0000000085300000, 0x0000000085400000|  0%| F|  |TAMS 0x0000000085300000, 0x0000000085300000| Untracked 
|  64|0x0000000085400000, 0x0000000085400000, 0x0000000085500000|  0%| F|  |TAMS 0x0000000085400000, 0x0000000085400000| Untracked 
|  65|0x0000000085500000, 0x0000000085500000, 0x0000000085600000|  0%| F|  |TAMS 0x0000000085500000, 0x0000000085500000| Untracked 
|  66|0x0000000085600000, 0x0000000085600000, 0x0000000085700000|  0%| F|  |TAMS 0x0000000085600000, 0x0000000085600000| Untracked 
|  67|0x0000000085700000, 0x0000000085700000, 0x0000000085800000|  0%| F|  |TAMS 0x0000000085700000, 0x0000000085700000| Untracked 
|  68|0x0000000085800000, 0x0000000085800000, 0x0000000085900000|  0%| F|  |TAMS 0x0000000085800000, 0x0000000085800000| Untracked 
|  69|0x0000000085900000, 0x0000000085900000, 0x0000000085a00000|  0%| F|  |TAMS 0x0000000085900000, 0x0000000085900000| Untracked 
|  70|0x0000000085a00000, 0x0000000085a00000, 0x0000000085b00000|  0%| F|  |TAMS 0x0000000085a00000, 0x0000000085a00000| Untracked 
|  71|0x0000000085b00000, 0x0000000085b00000, 0x0000000085c00000|  0%| F|  |TAMS 0x0000000085b00000, 0x0000000085b00000| Untracked 
|  72|0x0000000085c00000, 0x0000000085c00000, 0x0000000085d00000|  0%| F|  |TAMS 0x0000000085c00000, 0x0000000085c00000| Untracked 
|  73|0x0000000085d00000, 0x0000000085d00000, 0x0000000085e00000|  0%| F|  |TAMS 0x0000000085d00000, 0x0000000085d00000| Untracked 
|  74|0x0000000085e00000, 0x0000000085e00000, 0x0000000085f00000|  0%| F|  |TAMS 0x0000000085e00000, 0x0000000085e00000| Untracked 
|  75|0x0000000085f00000, 0x0000000085f00000, 0x0000000086000000|  0%| F|  |TAMS 0x0000000085f00000, 0x0000000085f00000| Untracked 
|  76|0x0000000086000000, 0x0000000086000000, 0x0000000086100000|  0%| F|  |TAMS 0x0000000086000000, 0x0000000086000000| Untracked 
|  77|0x0000000086100000, 0x0000000086100000, 0x0000000086200000|  0%| F|  |TAMS 0x0000000086100000, 0x0000000086100000| Untracked 
|  78|0x0000000086200000, 0x0000000086200000, 0x0000000086300000|  0%| F|  |TAMS 0x0000000086200000, 0x0000000086200000| Untracked 
|  79|0x0000000086300000, 0x0000000086300000, 0x0000000086400000|  0%| F|  |TAMS 0x0000000086300000, 0x0000000086300000| Untracked 
|  80|0x0000000086400000, 0x0000000086400000, 0x0000000086500000|  0%| F|  |TAMS 0x0000000086400000, 0x0000000086400000| Untracked 
|  81|0x0000000086500000, 0x0000000086500000, 0x0000000086600000|  0%| F|  |TAMS 0x0000000086500000, 0x0000000086500000| Untracked 
|  82|0x0000000086600000, 0x0000000086600000, 0x0000000086700000|  0%| F|  |TAMS 0x0000000086600000, 0x0000000086600000| Untracked 
|  83|0x0000000086700000, 0x0000000086700000, 0x0000000086800000|  0%| F|  |TAMS 0x0000000086700000, 0x0000000086700000| Untracked 
|  84|0x0000000086800000, 0x0000000086800000, 0x0000000086900000|  0%| F|  |TAMS 0x0000000086800000, 0x0000000086800000| Untracked 
|  85|0x0000000086900000, 0x0000000086900000, 0x0000000086a00000|  0%| F|  |TAMS 0x0000000086900000, 0x0000000086900000| Untracked 
|  86|0x0000000086a00000, 0x0000000086a00000, 0x0000000086b00000|  0%| F|  |TAMS 0x0000000086a00000, 0x0000000086a00000| Untracked 
|  87|0x0000000086b00000, 0x0000000086b00000, 0x0000000086c00000|  0%| F|  |TAMS 0x0000000086b00000, 0x0000000086b00000| Untracked 
|  88|0x0000000086c00000, 0x0000000086c00000, 0x0000000086d00000|  0%| F|  |TAMS 0x0000000086c00000, 0x0000000086c00000| Untracked 
|  89|0x0000000086d00000, 0x0000000086d00000, 0x0000000086e00000|  0%| F|  |TAMS 0x0000000086d00000, 0x0000000086d00000| Untracked 
|  90|0x0000000086e00000, 0x0000000086e00000, 0x0000000086f00000|  0%| F|  |TAMS 0x0000000086e00000, 0x0000000086e00000| Untracked 
|  91|0x0000000086f00000, 0x0000000086f00000, 0x0000000087000000|  0%| F|  |TAMS 0x0000000086f00000, 0x0000000086f00000| Untracked 
|  92|0x0000000087000000, 0x0000000087000000, 0x0000000087100000|  0%| F|  |TAMS 0x0000000087000000, 0x0000000087000000| Untracked 
|  93|0x0000000087100000, 0x0000000087100000, 0x0000000087200000|  0%| F|  |TAMS 0x0000000087100000, 0x0000000087100000| Untracked 
|  94|0x0000000087200000, 0x000000008728b620, 0x0000000087300000| 54%| S|CS|TAMS 0x0000000087200000, 0x0000000087200000| Complete 
|  95|0x0000000087300000, 0x0000000087400000, 0x0000000087400000|100%| S|CS|TAMS 0x0000000087300000, 0x0000000087300000| Complete 
|  96|0x0000000087400000, 0x0000000087400000, 0x0000000087500000|  0%| F|  |TAMS 0x0000000087400000, 0x0000000087400000| Untracked 
|  97|0x0000000087500000, 0x0000000087500000, 0x0000000087600000|  0%| F|  |TAMS 0x0000000087500000, 0x0000000087500000| Untracked 
|  98|0x0000000087600000, 0x0000000087600000, 0x0000000087700000|  0%| F|  |TAMS 0x0000000087600000, 0x0000000087600000| Untracked 
|  99|0x0000000087700000, 0x0000000087700000, 0x0000000087800000|  0%| F|  |TAMS 0x0000000087700000, 0x0000000087700000| Untracked 
| 100|0x0000000087800000, 0x0000000087800000, 0x0000000087900000|  0%| F|  |TAMS 0x0000000087800000, 0x0000000087800000| Untracked 
| 101|0x0000000087900000, 0x0000000087900000, 0x0000000087a00000|  0%| F|  |TAMS 0x0000000087900000, 0x0000000087900000| Untracked 
| 102|0x0000000087a00000, 0x0000000087a00000, 0x0000000087b00000|  0%| F|  |TAMS 0x0000000087a00000, 0x0000000087a00000| Untracked 
| 103|0x0000000087b00000, 0x0000000087b00000, 0x0000000087c00000|  0%| F|  |TAMS 0x0000000087b00000, 0x0000000087b00000| Untracked 
| 104|0x0000000087c00000, 0x0000000087c00000, 0x0000000087d00000|  0%| F|  |TAMS 0x0000000087c00000, 0x0000000087c00000| Untracked 
| 105|0x0000000087d00000, 0x0000000087d00000, 0x0000000087e00000|  0%| F|  |TAMS 0x0000000087d00000, 0x0000000087d00000| Untracked 
| 106|0x0000000087e00000, 0x0000000087e00000, 0x0000000087f00000|  0%| F|  |TAMS 0x0000000087e00000, 0x0000000087e00000| Untracked 
| 107|0x0000000087f00000, 0x0000000087f00000, 0x0000000088000000|  0%| F|  |TAMS 0x0000000087f00000, 0x0000000087f00000| Untracked 
| 108|0x0000000088000000, 0x0000000088000000, 0x0000000088100000|  0%| F|  |TAMS 0x0000000088000000, 0x0000000088000000| Untracked 
| 109|0x0000000088100000, 0x0000000088100000, 0x0000000088200000|  0%| F|  |TAMS 0x0000000088100000, 0x0000000088100000| Untracked 
| 110|0x0000000088200000, 0x0000000088200000, 0x0000000088300000|  0%| F|  |TAMS 0x0000000088200000, 0x0000000088200000| Untracked 
| 111|0x0000000088300000, 0x0000000088300000, 0x0000000088400000|  0%| F|  |TAMS 0x0000000088300000, 0x0000000088300000| Untracked 
| 112|0x0000000088400000, 0x0000000088400000, 0x0000000088500000|  0%| F|  |TAMS 0x0000000088400000, 0x0000000088400000| Untracked 
| 113|0x0000000088500000, 0x0000000088500000, 0x0000000088600000|  0%| F|  |TAMS 0x0000000088500000, 0x0000000088500000| Untracked 
| 114|0x0000000088600000, 0x0000000088600000, 0x0000000088700000|  0%| F|  |TAMS 0x0000000088600000, 0x0000000088600000| Untracked 
| 115|0x0000000088700000, 0x00000000887d3eb8, 0x0000000088800000| 82%| E|  |TAMS 0x0000000088700000, 0x0000000088700000| Complete 
| 116|0x0000000088800000, 0x0000000088900000, 0x0000000088900000|100%| E|CS|TAMS 0x0000000088800000, 0x0000000088800000| Complete 
| 117|0x0000000088900000, 0x0000000088a00000, 0x0000000088a00000|100%| E|CS|TAMS 0x0000000088900000, 0x0000000088900000| Complete 
| 118|0x0000000088a00000, 0x0000000088b00000, 0x0000000088b00000|100%| E|CS|TAMS 0x0000000088a00000, 0x0000000088a00000| Complete 
| 119|0x0000000088b00000, 0x0000000088c00000, 0x0000000088c00000|100%| E|CS|TAMS 0x0000000088b00000, 0x0000000088b00000| Complete 
| 120|0x0000000088c00000, 0x0000000088d00000, 0x0000000088d00000|100%| E|CS|TAMS 0x0000000088c00000, 0x0000000088c00000| Complete 
| 121|0x0000000088d00000, 0x0000000088e00000, 0x0000000088e00000|100%| E|CS|TAMS 0x0000000088d00000, 0x0000000088d00000| Complete 
| 122|0x0000000088e00000, 0x0000000088f00000, 0x0000000088f00000|100%| E|CS|TAMS 0x0000000088e00000, 0x0000000088e00000| Complete 
| 123|0x0000000088f00000, 0x0000000089000000, 0x0000000089000000|100%| E|CS|TAMS 0x0000000088f00000, 0x0000000088f00000| Complete 
| 124|0x0000000089000000, 0x0000000089100000, 0x0000000089100000|100%| E|CS|TAMS 0x0000000089000000, 0x0000000089000000| Complete 
| 125|0x0000000089100000, 0x0000000089200000, 0x0000000089200000|100%| E|CS|TAMS 0x0000000089100000, 0x0000000089100000| Complete 
| 126|0x0000000089200000, 0x0000000089300000, 0x0000000089300000|100%| E|CS|TAMS 0x0000000089200000, 0x0000000089200000| Complete 
| 127|0x0000000089300000, 0x0000000089400000, 0x0000000089400000|100%| E|CS|TAMS 0x0000000089300000, 0x0000000089300000| Complete 

Card table byte_map: [0x00000238d56a0000,0x00000238d5aa0000] _byte_map_base: 0x00000238d5296000

Marking Bits (Prev, Next): (CMBitMap*) 0x00000238c259cd80, (CMBitMap*) 0x00000238c259cdc0
 Prev Bits: [0x00000238d5ea0000, 0x00000238d7e50000)
 Next Bits: [0x00000238d7e50000, 0x00000238d9e00000)

Polling page: 0x00000238c06f0000

Metaspace:

Usage:
  Non-class:     17.86 MB capacity,    17.70 MB (>99%) used,   148.59 KB ( <1%) free+waste,    21.50 KB ( <1%) overhead. 
      Class:      2.05 MB capacity,     1.97 MB ( 96%) used,    66.72 KB (  3%) free+waste,     7.44 KB ( <1%) overhead. 
       Both:     19.91 MB capacity,    19.67 MB ( 99%) used,   215.30 KB (  1%) free+waste,    28.94 KB ( <1%) overhead. 

Virtual space:
  Non-class space:       18.00 MB reserved,      18.00 MB (100%) committed 
      Class space:        1.00 GB reserved,       2.12 MB ( <1%) committed 
             Both:        1.02 GB reserved,      20.12 MB (  2%) committed 

Chunk freelists:
   Non-Class:  14.00 KB
       Class:  17.00 KB
        Both:  31.00 KB

MaxMetaspaceSize: 17179869184.00 GB
CompressedClassSpaceSize: 1.00 GB

CodeHeap 'non-profiled nmethods': size=120000Kb used=815Kb max_used=815Kb free=119185Kb
 bounds [0x00000238cda40000, 0x00000238cdcb0000, 0x00000238d4f70000]
CodeHeap 'profiled nmethods': size=120000Kb used=3475Kb max_used=3475Kb free=116524Kb
 bounds [0x00000238c6510000, 0x00000238c6880000, 0x00000238cda40000]
CodeHeap 'non-nmethods': size=5760Kb used=1303Kb max_used=1357Kb free=4456Kb
 bounds [0x00000238c5f70000, 0x00000238c61e0000, 0x00000238c6510000]
 total_blobs=2343 nmethods=1860 adapters=395
 compilation: enabled
              stopped_count=0, restarted_count=0
 full_count=0

Compilation events (20 events):
Event: 8.575 Thread 0x00000238dd0f2320 1853       3       java.util.stream.ReferencePipeline$2$1::<init> (11 bytes)
Event: 8.576 Thread 0x00000238dd0f2320 nmethod 1853 0x00000238c686ff10 code [0x00000238c68700e0, 0x00000238c68705c8]
Event: 8.576 Thread 0x00000238dd0f2320 1854       3       java.util.stream.ReferencePipeline$2$1::begin (13 bytes)
Event: 8.576 Thread 0x00000238dd0f2320 nmethod 1854 0x00000238c6870790 code [0x00000238c6870940, 0x00000238c6870b08]
Event: 8.576 Thread 0x00000238dd0f2320 1855       3       java.lang.CharacterDataLatin1::getType (11 bytes)
Event: 8.576 Thread 0x00000238dd0f2320 nmethod 1855 0x00000238c6870c10 code [0x00000238c6870dc0, 0x00000238c6870f78]
Event: 8.576 Thread 0x00000238dd0f2320 1856       3       okio.Util::checkOffsetAndCount (64 bytes)
Event: 8.579 Thread 0x00000238dd0f2320 nmethod 1856 0x00000238c6871090 code [0x00000238c6871360, 0x00000238c6872278]
Event: 8.588 Thread 0x00000238dd0f2320 1857       3       java.util.ArrayList::isEmpty (13 bytes)
Event: 8.588 Thread 0x00000238dd0f2320 nmethod 1857 0x00000238c6872790 code [0x00000238c6872920, 0x00000238c6872a78]
Event: 8.588 Thread 0x00000238dd0f2320 1858       3       com.google.common.collect.ImmutableCollection::<init> (5 bytes)
Event: 8.589 Thread 0x00000238dd0f2320 nmethod 1858 0x00000238c6872b10 code [0x00000238c6872cc0, 0x00000238c6872e78]
Event: 8.589 Thread 0x00000238dd0f2320 1859       3       java.util.stream.StreamSupport::stream (19 bytes)
Event: 8.589 Thread 0x00000238dd0f2320 nmethod 1859 0x00000238c6872f90 code [0x00000238c6873180, 0x00000238c68735a8]
Event: 243.966 Thread 0x00000238dd0f2320 1860   !   3       java.lang.ref.ReferenceQueue::remove (125 bytes)
Event: 243.966 Thread 0x00000238dd0f2320 nmethod 1860 0x00000238c6873790 code [0x00000238c68739c0, 0x00000238c68741d8]
Event: 363.991 Thread 0x00000238dd0f2320 1861   !   3       jdk.internal.ref.PhantomCleanable::isListEmpty (34 bytes)
Event: 363.991 Thread 0x00000238dd0f2320 nmethod 1861 0x00000238c6874590 code [0x00000238c6874740, 0x00000238c6874998]
Event: 363.991 Thread 0x00000238dd0f2320 1862       3       jdk.internal.misc.InnocuousThread::eraseThreadLocals (23 bytes)
Event: 363.991 Thread 0x00000238dd0f2320 nmethod 1862 0x00000238c6874b10 code [0x00000238c6874ca0, 0x00000238c6874e78]

GC Heap History (4 events):
Event: 2.958 GC heap before
{Heap before GC invocations=0 (full 0):
 garbage-first heap   total 131072K, used 23552K [0x0000000081400000, 0x0000000100000000)
  region size 1024K, 23 young (23552K), 0 survivors (0K)
 Metaspace       used 13306K, capacity 13469K, committed 13696K, reserved 1060864K
  class space    used 1215K, capacity 1285K, committed 1408K, reserved 1048576K
}
Event: 2.965 GC heap after
{Heap after GC invocations=1 (full 0):
 garbage-first heap   total 131072K, used 3878K [0x0000000081400000, 0x0000000100000000)
  region size 1024K, 3 young (3072K), 3 survivors (3072K)
 Metaspace       used 13306K, capacity 13469K, committed 13696K, reserved 1060864K
  class space    used 1215K, capacity 1285K, committed 1408K, reserved 1048576K
}
Event: 3.934 GC heap before
{Heap before GC invocations=1 (full 0):
 garbage-first heap   total 131072K, used 33574K [0x0000000081400000, 0x0000000100000000)
  region size 1024K, 32 young (32768K), 3 survivors (3072K)
 Metaspace       used 18248K, capacity 18461K, committed 18688K, reserved 1067008K
  class space    used 1828K, capacity 1924K, committed 2048K, reserved 1048576K
}
Event: 3.940 GC heap after
{Heap after GC invocations=2 (full 0):
 garbage-first heap   total 131072K, used 5417K [0x0000000081400000, 0x0000000100000000)
  region size 1024K, 2 young (2048K), 2 survivors (2048K)
 Metaspace       used 18248K, capacity 18461K, committed 18688K, reserved 1067008K
  class space    used 1828K, capacity 1924K, committed 2048K, reserved 1048576K
}

Deoptimization events (20 events):
Event: 5.238 Thread 0x00000238c2561a00 Uncommon trap: trap_request=0xffffffde fr.pc=0x00000238cdad251c relative=0x000000000000079c
Event: 5.238 Thread 0x00000238c2561a00 Uncommon trap: reason=class_check action=maybe_recompile pc=0x00000238cdad251c method=org.openqa.selenium.json.Input.init()V @ 18 c2
Event: 5.238 Thread 0x00000238c2561a00 DEOPT PACKING pc=0x00000238cdad251c sp=0x000000c4aaffdb90
Event: 5.238 Thread 0x00000238c2561a00 DEOPT UNPACKING pc=0x00000238c5fbe42f sp=0x000000c4aaffdb98 mode 2
Event: 5.238 Thread 0x00000238c2561a00 Uncommon trap: trap_request=0xffffffde fr.pc=0x00000238cdad251c relative=0x000000000000079c
Event: 5.238 Thread 0x00000238c2561a00 Uncommon trap: reason=class_check action=maybe_recompile pc=0x00000238cdad251c method=org.openqa.selenium.json.Input.init()V @ 18 c2
Event: 5.238 Thread 0x00000238c2561a00 DEOPT PACKING pc=0x00000238cdad251c sp=0x000000c4aaffdb90
Event: 5.238 Thread 0x00000238c2561a00 DEOPT UNPACKING pc=0x00000238c5fbe42f sp=0x000000c4aaffdb98 mode 2
Event: 5.246 Thread 0x00000238c2561a00 DEOPT PACKING pc=0x00000238c662aa9d sp=0x000000c4aaffc1a0
Event: 5.246 Thread 0x00000238c2561a00 DEOPT UNPACKING pc=0x00000238c5fbe23f sp=0x000000c4aaffb750 mode 0
Event: 5.251 Thread 0x00000238c2561a00 Uncommon trap: trap_request=0xffffffde fr.pc=0x00000238cda9a390 relative=0x0000000000000e70
Event: 5.251 Thread 0x00000238c2561a00 Uncommon trap: reason=class_check action=maybe_recompile pc=0x00000238cda9a390 method=java.util.HashMap.putVal(ILjava/lang/Object;Ljava/lang/Object;ZZ)Ljava/lang/Object; @ 253 c2
Event: 5.251 Thread 0x00000238c2561a00 DEOPT PACKING pc=0x00000238cda9a390 sp=0x000000c4aaffe2a0
Event: 5.251 Thread 0x00000238c2561a00 DEOPT UNPACKING pc=0x00000238c5fbe42f sp=0x000000c4aaffe208 mode 2
Event: 5.282 Thread 0x00000238c2561a00 Uncommon trap: trap_request=0xffffff45 fr.pc=0x00000238cda9c660 relative=0x00000000000010c0
Event: 5.282 Thread 0x00000238c2561a00 Uncommon trap: reason=unstable_if action=reinterpret pc=0x00000238cda9c660 method=java.util.concurrent.ConcurrentHashMap.putVal(Ljava/lang/Object;Ljava/lang/Object;Z)Ljava/lang/Object; @ 256 c2
Event: 5.282 Thread 0x00000238c2561a00 DEOPT PACKING pc=0x00000238cda9c660 sp=0x000000c4aaffe1f0
Event: 5.282 Thread 0x00000238c2561a00 DEOPT UNPACKING pc=0x00000238c5fbe42f sp=0x000000c4aaffe188 mode 2
Event: 5.337 Thread 0x00000238c2561a00 DEOPT PACKING pc=0x00000238c6801381 sp=0x000000c4aaffe710
Event: 5.337 Thread 0x00000238c2561a00 DEOPT UNPACKING pc=0x00000238c5fbe23f sp=0x000000c4aaffdc40 mode 0

Classes unloaded (0 events):
No events

Classes redefined (7 events):
Event: 158.544 Thread 0x00000238dd089ac0 redefined class name=LiveDemoGrocery, count=1
Event: 279.255 Thread 0x00000238dd089ac0 redefined class name=LiveDemoGrocery, count=2
Event: 286.187 Thread 0x00000238dd089ac0 redefined class name=LiveDemoGrocery, count=3
Event: 525.507 Thread 0x00000238dd089ac0 redefined class name=LiveDemoGrocery, count=4
Event: 636.049 Thread 0x00000238dd089ac0 redefined class name=LiveDemoGrocery, count=5
Event: 658.033 Thread 0x00000238dd089ac0 redefined class name=LiveDemoGrocery, count=6
Event: 849.991 Thread 0x00000238dd089ac0 redefined class name=LiveDemoGrocery, count=7

Internal exceptions (20 events):
Event: 3.726 Thread 0x00000238de070010 Exception <a 'java/net/SocketException'{0x0000000088af6890}: Socket is not connected: shutdown> (0x0000000088af6890) 
thrown [./open/src/hotspot/share/prims/jni.cpp, line 599]
Event: 3.765 Thread 0x00000238c2561a00 Exception <a 'java/lang/NoSuchMethodError'{0x0000000088701e50}: 'java.lang.Object java.lang.invoke.DirectMethodHandle$Holder.invokeInterface(java.lang.Object, java.lang.Object, java.lang.Object)'> (0x0000000088701e50) 
thrown [./open/src/hotspot/share/interpreter/linkResolver.cpp, line 782]
Event: 3.765 Thread 0x00000238c2561a00 Exception <a 'java/lang/IncompatibleClassChangeError'{0x0000000088705908}: Found class java.lang.Object, but interface was expected> (0x0000000088705908) 
thrown [./open/src/hotspot/share/interpreter/linkResolver.cpp, line 848]
Event: 3.766 Thread 0x00000238c2561a00 Exception <a 'java/lang/NoSuchMethodError'{0x000000008870c458}: 'int java.lang.invoke.DirectMethodHandle$Holder.invokeSpecial(java.lang.Object, java.lang.Object, java.lang.Object)'> (0x000000008870c458) 
thrown [./open/src/hotspot/share/interpreter/linkResolver.cpp, line 782]
Event: 3.767 Thread 0x00000238c2561a00 Exception <a 'java/lang/NoSuchMethodError'{0x00000000887130a0}: 'int java.lang.invoke.DirectMethodHandle$Holder.invokeSpecialIFC(java.lang.Object, java.lang.Object, java.lang.Object, java.lang.Object)'> (0x00000000887130a0) 
thrown [./open/src/hotspot/share/interpreter/linkResolver.cpp, line 782]
Event: 3.768 Thread 0x00000238c2561a00 Exception <a 'java/lang/NoSuchMethodError'{0x000000008871d460}: 'java.lang.Object java.lang.invoke.DirectMethodHandle$Holder.invokeInterface(java.lang.Object, java.lang.Object, java.lang.Object, java.lang.Object)'> (0x000000008871d460) 
thrown [./open/src/hotspot/share/interpreter/linkResolver.cpp, line 782]
Event: 3.771 Thread 0x00000238c2561a00 Exception <a 'java/lang/NoSuchMethodError'{0x00000000887682b8}: 'java.lang.Object java.lang.invoke.DirectMethodHandle$Holder.invokeVirtual(java.lang.Object, java.lang.Object, java.lang.Object)'> (0x00000000887682b8) 
thrown [./open/src/hotspot/share/interpreter/linkResolver.cpp, line 782]
Event: 3.780 Thread 0x00000238c2561a00 Exception <a 'java/lang/NoSuchMethodError'{0x0000000088693760}: 'void java.lang.invoke.DirectMethodHandle$Holder.invokeInterface(java.lang.Object, java.lang.Object, java.lang.Object)'> (0x0000000088693760) 
thrown [./open/src/hotspot/share/interpreter/linkResolver.cpp, line 782]
Event: 3.790 Thread 0x00000238c2561a00 Exception <a 'java/lang/NoSuchMethodError'{0x00000000885ba310}: 'int java.lang.invoke.DirectMethodHandle$Holder.invokeVirtual(java.lang.Object, java.lang.Object)'> (0x00000000885ba310) 
thrown [./open/src/hotspot/share/interpreter/linkResolver.cpp, line 782]
Event: 3.791 Thread 0x00000238c2561a00 Exception <a 'java/lang/NoSuchMethodError'{0x00000000885c0890}: 'double java.lang.invoke.DirectMethodHandle$Holder.invokeVirtual(java.lang.Object, java.lang.Object)'> (0x00000000885c0890) 
thrown [./open/src/hotspot/share/interpreter/linkResolver.cpp, line 782]
Event: 3.792 Thread 0x00000238c2561a00 Exception <a 'java/lang/NoSuchMethodError'{0x00000000885c72c8}: 'float java.lang.invoke.DirectMethodHandle$Holder.invokeVirtual(java.lang.Object, java.lang.Object)'> (0x00000000885c72c8) 
thrown [./open/src/hotspot/share/interpreter/linkResolver.cpp, line 782]
Event: 3.793 Thread 0x00000238c2561a00 Exception <a 'java/lang/NoSuchMethodError'{0x00000000885d0750}: 'long java.lang.invoke.DirectMethodHandle$Holder.invokeVirtual(java.lang.Object, java.lang.Object)'> (0x00000000885d0750) 
thrown [./open/src/hotspot/share/interpreter/linkResolver.cpp, line 782]
Event: 3.797 Thread 0x00000238c2561a00 Exception <a 'java/lang/NoSuchMethodError'{0x000000008842e100}: 'void java.lang.invoke.DirectMethodHandle$Holder.invokeStatic(java.lang.Object, java.lang.Object, java.lang.Object)'> (0x000000008842e100) 
thrown [./open/src/hotspot/share/interpreter/linkResolver.cpp, line 782]
Event: 3.827 Thread 0x00000238c2561a00 Exception <a 'java/lang/NoSuchMethodError'{0x000000008827fbd8}: 'void java.lang.invoke.DirectMethodHandle$Holder.invokeSpecial(java.lang.Object, java.lang.Object, java.lang.Object, java.lang.Object, java.lang.Object)'> (0x000000008827fbd8) 
thrown [./open/src/hotspot/share/interpreter/linkResolver.cpp, line 782]
Event: 3.844 Thread 0x00000238c2561a00 Exception <a 'java/lang/NoSuchMethodError'{0x0000000088005cb8}: 'java.lang.Object java.lang.invoke.DirectMethodHandle$Holder.newInvokeSpecial(java.lang.Object, java.lang.Object, java.lang.Object, java.lang.Object, java.lang.Object)'> (0x0000000088005cb8) 
thrown [./open/src/hotspot/share/interpreter/linkResolver.cpp, line 782]
Event: 3.864 Thread 0x00000238c2561a00 Exception <a 'java/lang/NoSuchMethodError'{0x0000000087e080d8}: 'java.lang.Object java.lang.invoke.Invokers$Holder.invokeExact_MT(java.lang.Object, java.lang.Object, java.lang.Object, java.lang.Object, java.lang.Object, java.lang.Object)'> (0x0000000087e080d8) 
thrown [./open/src/hotspot/share/interpreter/linkResolver.cpp, line 782]
Event: 3.949 Thread 0x00000238c2561a00 Exception <a 'java/lang/NoSuchMethodError'{0x000000008920c318}: 'void java.lang.invoke.DirectMethodHandle$Holder.invokeStatic(java.lang.Object, java.lang.Object, java.lang.Object, java.lang.Object)'> (0x000000008920c318) 
thrown [./open/src/hotspot/share/interpreter/linkResolver.cpp, line 782]
Event: 5.244 Thread 0x00000238c2561a00 Exception <a 'java/lang/NoSuchMethodError'{0x0000000088ee5020}: 'java.lang.Object java.lang.invoke.DirectMethodHandle$Holder.invokeSpecialIFC(java.lang.Object, java.lang.Object, java.lang.Object)'> (0x0000000088ee5020) 
thrown [./open/src/hotspot/share/interpreter/linkResolver.cpp, line 782]
Event: 5.317 Thread 0x00000238c2561a00 Exception <a 'java/lang/ClassNotFoundException'{0x0000000088c1d3b8}: sun/util/logging/resources/spi/loggingProvider> (0x0000000088c1d3b8) 
thrown [./open/src/hotspot/share/classfile/systemDictionary.cpp, line 295]
Event: 858.306 Thread 0x00000238dd43f8d0 Exception <a 'java/lang/LinkageError'{0x00000000887b8198}> (0x00000000887b8198) 
thrown [./open/src/hotspot/share/oops/generateOopMap.cpp, line 2137]

Events (20 events):
Event: 636.055 Executing VM operation: GetStackTrace
Event: 636.056 Executing VM operation: GetStackTrace done
Event: 658.030 Executing VM operation: RedefineClasses
Event: 658.040 Executing VM operation: RedefineClasses done
Event: 658.041 Executing VM operation: GetFrameCount
Event: 658.041 Executing VM operation: GetFrameCount done
Event: 658.041 Executing VM operation: GetStackTrace
Event: 658.041 Executing VM operation: GetStackTrace done
Event: 840.145 Executing VM operation: ChangeBreakpoints
Event: 840.146 Executing VM operation: ChangeBreakpoints done
Event: 849.985 Executing VM operation: RedefineClasses
Event: 850.002 Executing VM operation: RedefineClasses done
Event: 850.013 Executing VM operation: ChangeBreakpoints
Event: 850.014 Executing VM operation: ChangeBreakpoints done
Event: 850.017 Executing VM operation: GetFrameCount
Event: 850.017 Executing VM operation: GetFrameCount done
Event: 850.017 Executing VM operation: GetStackTrace
Event: 850.017 Executing VM operation: GetStackTrace done
Event: 858.192 Executing VM operation: GetFrameCount
Event: 858.192 Executing VM operation: GetFrameCount done


Dynamic libraries:
0x00007ff682620000 - 0x00007ff68262d000 	C:\Users\BHARATH\.p2\pool\plugins\org.eclipse.justj.openjdk.hotspot.jre.full.win32.x86_64_15.0.2.v20210201-0955\jre\bin\javaw.exe
0x00007ffbc62f0000 - 0x00007ffbc64e5000 	C:\WINDOWS\SYSTEM32\ntdll.dll
0x00007ffba93f0000 - 0x00007ffba9406000 	C:\Program Files\AVAST Software\Avast\aswhook.dll
0x00007ffbc5e90000 - 0x00007ffbc5f4e000 	C:\WINDOWS\System32\KERNEL32.DLL
0x00007ffbc3aa0000 - 0x00007ffbc3d68000 	C:\WINDOWS\System32\KERNELBASE.dll
0x00007ffbc3e50000 - 0x00007ffbc3f50000 	C:\WINDOWS\System32\ucrtbase.dll
0x00007ffbbd650000 - 0x00007ffbbd668000 	C:\Users\BHARATH\.p2\pool\plugins\org.eclipse.justj.openjdk.hotspot.jre.full.win32.x86_64_15.0.2.v20210201-0955\jre\bin\jli.dll
0x00007ffbb38d0000 - 0x00007ffbb38e9000 	C:\Users\BHARATH\.p2\pool\plugins\org.eclipse.justj.openjdk.hotspot.jre.full.win32.x86_64_15.0.2.v20210201-0955\jre\bin\VCRUNTIME140.dll
0x00007ffbc5bb0000 - 0x00007ffbc5d51000 	C:\WINDOWS\System32\USER32.dll
0x00007ffbc4250000 - 0x00007ffbc4272000 	C:\WINDOWS\System32\win32u.dll
0x00007ffbc46a0000 - 0x00007ffbc46cb000 	C:\WINDOWS\System32\GDI32.dll
0x00007ffba9900000 - 0x00007ffba9b9a000 	C:\WINDOWS\WinSxS\amd64_microsoft.windows.common-controls_6595b64144ccf1df_6.0.19041.1110_none_60b5254171f9507e\COMCTL32.dll
0x00007ffbc4140000 - 0x00007ffbc424d000 	C:\WINDOWS\System32\gdi32full.dll
0x00007ffbc5ae0000 - 0x00007ffbc5b7e000 	C:\WINDOWS\System32\msvcrt.dll
0x00007ffbc3a00000 - 0x00007ffbc3a9d000 	C:\WINDOWS\System32\msvcp_win.dll
0x00007ffbc5b80000 - 0x00007ffbc5bb0000 	C:\WINDOWS\System32\IMM32.DLL
0x00007ffbbd3c0000 - 0x00007ffbbd3cc000 	C:\Users\BHARATH\.p2\pool\plugins\org.eclipse.justj.openjdk.hotspot.jre.full.win32.x86_64_15.0.2.v20210201-0955\jre\bin\vcruntime140_1.dll
0x00007ffb95c00000 - 0x00007ffb95c91000 	C:\Users\BHARATH\.p2\pool\plugins\org.eclipse.justj.openjdk.hotspot.jre.full.win32.x86_64_15.0.2.v20210201-0955\jre\bin\msvcp140.dll
0x00007ffb7a170000 - 0x00007ffb7acce000 	C:\Users\BHARATH\.p2\pool\plugins\org.eclipse.justj.openjdk.hotspot.jre.full.win32.x86_64_15.0.2.v20210201-0955\jre\bin\server\jvm.dll
0x00007ffbc45f0000 - 0x00007ffbc469c000 	C:\WINDOWS\System32\ADVAPI32.dll
0x00007ffbc4550000 - 0x00007ffbc45eb000 	C:\WINDOWS\System32\sechost.dll
0x00007ffbc4330000 - 0x00007ffbc445a000 	C:\WINDOWS\System32\RPCRT4.dll
0x00007ffbc5920000 - 0x00007ffbc5928000 	C:\WINDOWS\System32\PSAPI.DLL
0x00007ffbb16f0000 - 0x00007ffbb16f9000 	C:\WINDOWS\SYSTEM32\WSOCK32.dll
0x00007ffbb3fd0000 - 0x00007ffbb3ff7000 	C:\WINDOWS\SYSTEM32\WINMM.dll
0x00007ffbb9490000 - 0x00007ffbb949a000 	C:\WINDOWS\SYSTEM32\VERSION.dll
0x00007ffbc5930000 - 0x00007ffbc599b000 	C:\WINDOWS\System32\WS2_32.dll
0x00007ffbc22d0000 - 0x00007ffbc22e2000 	C:\WINDOWS\SYSTEM32\kernel.appcore.dll
0x00007ffbbf4a0000 - 0x00007ffbbf4aa000 	C:\Users\BHARATH\.p2\pool\plugins\org.eclipse.justj.openjdk.hotspot.jre.full.win32.x86_64_15.0.2.v20210201-0955\jre\bin\jimage.dll
0x00007ffbc1f80000 - 0x00007ffbc2164000 	C:\WINDOWS\SYSTEM32\DBGHELP.DLL
0x00007ffbb93f0000 - 0x00007ffbb941c000 	C:\WINDOWS\SYSTEM32\dbgcore.DLL
0x00007ffbc3f50000 - 0x00007ffbc3fd2000 	C:\WINDOWS\System32\bcryptPrimitives.dll
0x00007ffbb1290000 - 0x00007ffbb12c9000 	C:\Users\BHARATH\.p2\pool\plugins\org.eclipse.justj.openjdk.hotspot.jre.full.win32.x86_64_15.0.2.v20210201-0955\jre\bin\jdwp.dll
0x00007ffbb3b50000 - 0x00007ffbb3b5e000 	C:\Users\BHARATH\.p2\pool\plugins\org.eclipse.justj.openjdk.hotspot.jre.full.win32.x86_64_15.0.2.v20210201-0955\jre\bin\instrument.dll
0x00007ffbb3bf0000 - 0x00007ffbb3c15000 	C:\Users\BHARATH\.p2\pool\plugins\org.eclipse.justj.openjdk.hotspot.jre.full.win32.x86_64_15.0.2.v20210201-0955\jre\bin\java.dll
0x00007ffbbc9e0000 - 0x00007ffbbc9f8000 	C:\Users\BHARATH\.p2\pool\plugins\org.eclipse.justj.openjdk.hotspot.jre.full.win32.x86_64_15.0.2.v20210201-0955\jre\bin\zip.dll
0x00007ffbc5120000 - 0x00007ffbc5864000 	C:\WINDOWS\System32\SHELL32.dll
0x00007ffbc17e0000 - 0x00007ffbc1f74000 	C:\WINDOWS\SYSTEM32\windows.storage.dll
0x00007ffbc4dc0000 - 0x00007ffbc5115000 	C:\WINDOWS\System32\combase.dll
0x00007ffbc33e0000 - 0x00007ffbc340e000 	C:\WINDOWS\SYSTEM32\Wldp.dll
0x00007ffbc5a30000 - 0x00007ffbc5add000 	C:\WINDOWS\System32\SHCORE.dll
0x00007ffbc4880000 - 0x00007ffbc48d5000 	C:\WINDOWS\System32\shlwapi.dll
0x00007ffbc3940000 - 0x00007ffbc395f000 	C:\WINDOWS\SYSTEM32\profapi.dll
0x00007ffbb3a60000 - 0x00007ffbb3a6b000 	C:\Users\BHARATH\.p2\pool\plugins\org.eclipse.justj.openjdk.hotspot.jre.full.win32.x86_64_15.0.2.v20210201-0955\jre\bin\dt_socket.dll
0x00007ffbc2dd0000 - 0x00007ffbc2e0b000 	C:\WINDOWS\SYSTEM32\IPHLPAPI.DLL
0x00007ffbc30e0000 - 0x00007ffbc314a000 	C:\WINDOWS\system32\mswsock.dll
0x00007ffbc2e10000 - 0x00007ffbc2edb000 	C:\WINDOWS\SYSTEM32\DNSAPI.dll
0x00007ffbc5a00000 - 0x00007ffbc5a08000 	C:\WINDOWS\System32\NSI.dll
0x00007ffbb8790000 - 0x00007ffbb879a000 	C:\Windows\System32\rasadhlp.dll
0x00007ffbb20c0000 - 0x00007ffbb213f000 	C:\WINDOWS\System32\fwpuclnt.dll
0x00007ffbc3e20000 - 0x00007ffbc3e47000 	C:\WINDOWS\System32\bcrypt.dll
0x00007ffbb3f20000 - 0x00007ffbb3f39000 	C:\Users\BHARATH\.p2\pool\plugins\org.eclipse.justj.openjdk.hotspot.jre.full.win32.x86_64_15.0.2.v20210201-0955\jre\bin\net.dll
0x00007ffbb4870000 - 0x00007ffbb497c000 	C:\WINDOWS\SYSTEM32\WINHTTP.dll
0x00007ffbb3dc0000 - 0x00007ffbb3dd2000 	C:\Users\BHARATH\.p2\pool\plugins\org.eclipse.justj.openjdk.hotspot.jre.full.win32.x86_64_15.0.2.v20210201-0955\jre\bin\nio.dll
0x00007ffbbeb20000 - 0x00007ffbbeb30000 	C:\Users\BHARATH\.p2\pool\plugins\org.eclipse.justj.openjdk.hotspot.jre.full.win32.x86_64_15.0.2.v20210201-0955\jre\bin\verify.dll
0x00007ffbbd6c0000 - 0x00007ffbbd6cd000 	C:\Users\BHARATH\.p2\pool\plugins\org.eclipse.justj.openjdk.hotspot.jre.full.win32.x86_64_15.0.2.v20210201-0955\jre\bin\sunmscapi.dll
0x00007ffbc3fe0000 - 0x00007ffbc4136000 	C:\WINDOWS\System32\CRYPT32.dll
0x00007ffbc3450000 - 0x00007ffbc3477000 	C:\WINDOWS\SYSTEM32\ncrypt.dll
0x00007ffbc3410000 - 0x00007ffbc344b000 	C:\WINDOWS\SYSTEM32\NTASN1.dll
0x00007ffbc32e0000 - 0x00007ffbc32f8000 	C:\WINDOWS\SYSTEM32\CRYPTSP.dll
0x00007ffbc2a60000 - 0x00007ffbc2a94000 	C:\WINDOWS\system32\rsaenh.dll
0x00007ffbc38c0000 - 0x00007ffbc38ee000 	C:\WINDOWS\SYSTEM32\USERENV.dll
0x00007ffbc32d0000 - 0x00007ffbc32dc000 	C:\WINDOWS\SYSTEM32\CRYPTBASE.dll
0x00007ffbb9870000 - 0x00007ffbb9887000 	C:\WINDOWS\SYSTEM32\dhcpcsvc6.DLL
0x00007ffbb9c50000 - 0x00007ffbb9c6d000 	C:\WINDOWS\SYSTEM32\dhcpcsvc.DLL

dbghelp: loaded successfully - version: 4.0.5 - missing functions: none
symbol engine: initialized successfully - sym options: 0x614 - pdb path: .;C:\Users\BHARATH\.p2\pool\plugins\org.eclipse.justj.openjdk.hotspot.jre.full.win32.x86_64_15.0.2.v20210201-0955\jre\bin;C:\WINDOWS\SYSTEM32;C:\Program Files\AVAST Software\Avast;C:\WINDOWS\WinSxS\amd64_microsoft.windows.common-controls_6595b64144ccf1df_6.0.19041.1110_none_60b5254171f9507e;C:\Users\BHARATH\.p2\pool\plugins\org.eclipse.justj.openjdk.hotspot.jre.full.win32.x86_64_15.0.2.v20210201-0955\jre\bin\server

VM Arguments:
jvm_args: -XX:+ShowCodeDetailsInExceptionMessages -agentlib:jdwp=transport=dt_socket,suspend=y,address=localhost:50669 -javaagent:C:\Users\BHARATH\EclipseWorkspace\eclipse\configuration\org.eclipse.osgi\220\0\.cp\lib\javaagent-shaded.jar -Dfile.encoding=Cp1252 
java_command: LiveDemoGrocery
java_class_path (initial): D:\eclipse-workspace\Stream tutorial\bin;C:\Users\BHARATH\.p2\pool\plugins\org.testng_7.3.0.r202008060316.jar;C:\Users\BHARATH\.p2\pool\plugins\com.beust.jcommander_1.78.0.jar;C:\Users\BHARATH\.p2\pool\plugins\org.apache-extras.beanshell.bsh_2.0.0.b6.jar;C:\Users\BHARATH\.p2\pool\plugins\org.yaml.snakeyaml_1.21.0.jar;D:\Selenium\selenium-java-3.141.59\libs\byte-buddy-1.8.15.jar;D:\Selenium\selenium-java-3.141.59\libs\commons-exec-1.3.jar;D:\Selenium\selenium-java-3.141.59\libs\guava-25.0-jre.jar;D:\Selenium\selenium-java-3.141.59\libs\okhttp-3.11.0.jar;D:\Selenium\selenium-java-3.141.59\libs\okio-1.14.0.jar;D:\Selenium\selenium-java-3.141.59\client-combined-3.141.59.jar;D:\Selenium\selenium-java-3.141.59\client-combined-3.141.59-sources.jar
Launcher Type: SUN_STANDARD

[Global flags]
     intx CICompilerCount                          = 4                                         {product} {ergonomic}
     uint ConcGCThreads                            = 2                                         {product} {ergonomic}
     uint G1ConcRefinementThreads                  = 8                                         {product} {ergonomic}
   size_t G1HeapRegionSize                         = 1048576                                   {product} {ergonomic}
    uintx GCDrainStackTargetSize                   = 64                                        {product} {ergonomic}
   size_t InitialHeapSize                          = 134217728                                 {product} {ergonomic}
   size_t MarkStackSize                            = 4194304                                   {product} {ergonomic}
   size_t MaxHeapSize                              = 2126512128                                {product} {ergonomic}
   size_t MaxNewSize                               = 1275068416                                {product} {ergonomic}
   size_t MinHeapDeltaBytes                        = 1048576                                   {product} {ergonomic}
   size_t MinHeapSize                              = 8388608                                   {product} {ergonomic}
    uintx NonNMethodCodeHeapSize                   = 5839372                                {pd product} {ergonomic}
    uintx NonProfiledCodeHeapSize                  = 122909434                              {pd product} {ergonomic}
    uintx ProfiledCodeHeapSize                     = 122909434                              {pd product} {ergonomic}
    uintx ReservedCodeCacheSize                    = 251658240                              {pd product} {ergonomic}
     bool SegmentedCodeCache                       = true                                      {product} {ergonomic}
     bool ShowCodeDetailsInExceptionMessages       = true                                   {manageable} {command line}
   size_t SoftMaxHeapSize                          = 2126512128                             {manageable} {ergonomic}
     bool UseCompressedClassPointers               = true                                 {lp64_product} {ergonomic}
     bool UseCompressedOops                        = true                                 {lp64_product} {ergonomic}
     bool UseG1GC                                  = true                                      {product} {ergonomic}
     bool UseLargePagesIndividualAllocation        = false                                  {pd product} {ergonomic}

Logging:
Log output configuration:
 #0: stdout all=warning uptime,level,tags
 #1: stderr all=off uptime,level,tags

Environment Variables:
JAVA_HOME=C:\Program Files\Java\jdk1.8.0_281
PATH=C:\Users\BHARATH\.p2\pool\plugins\org.eclipse.justj.openjdk.hotspot.jre.full.win32.x86_64_15.0.2.v20210201-0955\jre\bin;C:/Users/BHARATH/.p2/pool/plugins/org.eclipse.justj.openjdk.hotspot.jre.full.win32.x86_64_15.0.2.v20210201-0955/jre/bin/server;C:/Users/BHARATH/.p2/pool/plugins/org.eclipse.justj.openjdk.hotspot.jre.full.win32.x86_64_15.0.2.v20210201-0955/jre/bin;C:\Program Files\AdoptOpenJDK\jdk-11.0.10.9-hotspot\bin;C:\Program Files (x86)\Common Files\Oracle\Java\javapath;"C:\Program Files (x86)\Common Files\Oracle\Java\javapath;C:\Program Files\Java\jdk1.8.0_171\bin;C:\Program Files\Java\jre1.8.0_171\bin";C:\Program Files (x86)\Intel\iCLS Client\;C:\Program Files\Intel\iCLS Client\;C:\WINDOWS\system32;C:\WINDOWS;C:\WINDOWS\System32\Wbem;C:\WINDOWS\System32\WindowsPowerShell\v1.0\;C:\Program Files (x86)\Intel\Intel(R) Management Engine Components\DAL;C:\Program Files\Intel\Intel(R) Management Engine Components\DAL;C:\Program Files (x86)\Intel\Intel(R) Management Engine Components\IPT;C:\Program Files\Intel\Intel(R) Management Engine Components\IPT;C:\Program Files\Java\jdk-10.0.1\bin;C:\Program Files\Java\jre-10.0.1\bin;C:\WINDOWS\System32\OpenSSH\;C:\Users\BHARATH\Downloads\downloads\php;C:\ProgramData\ComposerSetup\bin;C:\Program Files\MongoDB\Server\4.0\bin;C:\xampp\php;C:\Program Files\Java\jdk1.8.0_281\bin;C:\Program Files\Java\jdk1.8.0_281\bin;C:\Program Files\Git\cmd;C:\Program Files\Git\mingw64\bin;C:\Program Files\Git\usr\bin;C:\Program Files\nodejs\;C:\maven\apache-maven-3.8.4-bin\apache-maven-3.8.4\bin;C:\Program Files\MySQL\MySQL Shell 8.0\bin\;C:\Users\BHARATH\AppData\Local\Programs\Python\Python37\Scripts\;C:\Users\BHARATH\AppData\Local\Programs\Python\Python37\;C:\Users\BHARATH\AppData\Local\Programs\Python\Launcher\;C:\Users\BHARATH\AppData\Local\Microsoft\WindowsApps;C:\Users\BHARATH\AppData\Local\Programs\Microsoft VS Code\bin;C:\Program Files\heroku\bin;C:\Users\BHARATH\AppData\Roaming\Composer\vendor\bin;C:\Program Files\JetBrains\PyCharm 20
USERNAME=BHARATH
OS=Windows_NT
PROCESSOR_IDENTIFIER=Intel64 Family 6 Model 142 Stepping 10, GenuineIntel



---------------  S Y S T E M  ---------------

OS:
 Windows 10 , 64 bit Build 19041 (10.0.19041.1348)
OS uptime: 5 days 0:36 hours

CPU: total 8 (initial active 8) (4 cores per cpu, 2 threads per core) family 6 model 142 stepping 10 microcode 0xb4, cmov, cx8, fxsr, mmx, sse, sse2, sse3, ssse3, sse4.1, sse4.2, popcnt, vzeroupper, avx, avx2, aes, clmul, erms, 3dnowpref, lzcnt, ht, tsc, tscinvbit, bmi1, bmi2, adx, fma, clflush, clflushopt

Memory: 4k page, system-wide physical 8108M (2241M free)
TotalPageFile size 13093M (AvailPageFile size 4786M)
current process WorkingSet (physical memory assigned to process): 99M, peak: 125M
current process commit charge ("private bytes"): 230M, peak: 253M

vm_info: OpenJDK 64-Bit Server VM (15.0.2+7-27) for windows-amd64 JRE (15.0.2+7-27), built on Dec  7 2020 20:02:38 by "mach5one" with unknown MS VC++:1925

END.
